14.04.2023 09:01:10.534 [HikariPool-1 housekeeper] WARN  com.zaxxer.hikari.pool.HikariPool - HikariPool-1 - Thread starvation or clock leap detected (housekeeper delta=18h2m21s257ms150µs200ns).
14.04.2023 13:52:37.216 [SpringApplicationShutdownHook] INFO  o.s.o.j.LocalContainerEntityManagerFactoryBean - Closing JPA EntityManagerFactory for persistence unit 'default'
14.04.2023 13:52:37.232 [SpringApplicationShutdownHook] INFO  com.zaxxer.hikari.HikariDataSource - HikariPool-1 - Shutdown initiated...
14.04.2023 13:52:37.243 [SpringApplicationShutdownHook] INFO  com.zaxxer.hikari.HikariDataSource - HikariPool-1 - Shutdown completed.
14.04.2023 13:52:43.183 [background-preinit] INFO  o.h.validator.internal.util.Version - HV000001: Hibernate Validator 6.2.5.Final
14.04.2023 13:52:43.205 [main] INFO  nata.project.DemoApplication - Starting DemoApplication using Java 1.8.0_321 on DESKTOP-2OMA7HA with PID 31128 (C:\Users\Lenovo\IdeaProjects\onlineStorePortalh\site-api\target\classes started by Lenovo in C:\Users\Lenovo\IdeaProjects\onlineStorePortalh)
14.04.2023 13:52:43.207 [main] INFO  nata.project.DemoApplication - No active profile set, falling back to 1 default profile: "default"
14.04.2023 13:52:44.408 [main] INFO  o.s.d.r.c.RepositoryConfigurationDelegate - Bootstrapping Spring Data JPA repositories in DEFAULT mode.
14.04.2023 13:52:44.532 [main] INFO  o.s.d.r.c.RepositoryConfigurationDelegate - Finished Spring Data repository scanning in 107 ms. Found 2 JPA repository interfaces.
14.04.2023 13:52:45.723 [main] INFO  o.s.b.w.e.tomcat.TomcatWebServer - Tomcat initialized with port(s): 8080 (http)
14.04.2023 13:52:45.738 [main] INFO  o.a.coyote.http11.Http11NioProtocol - Initializing ProtocolHandler ["http-nio-8080"]
14.04.2023 13:52:45.739 [main] INFO  o.a.catalina.core.StandardService - Starting service [Tomcat]
14.04.2023 13:52:45.739 [main] INFO  o.a.catalina.core.StandardEngine - Starting Servlet engine: [Apache Tomcat/9.0.68]
14.04.2023 13:52:46.047 [main] INFO  o.a.c.c.C.[Tomcat].[localhost].[/] - Initializing Spring embedded WebApplicationContext
14.04.2023 13:52:46.047 [main] INFO  o.s.b.w.s.c.ServletWebServerApplicationContext - Root WebApplicationContext: initialization completed in 2754 ms
14.04.2023 13:52:46.322 [main] INFO  com.zaxxer.hikari.HikariDataSource - HikariPool-1 - Starting...
14.04.2023 13:52:46.478 [main] INFO  com.zaxxer.hikari.HikariDataSource - HikariPool-1 - Start completed.
14.04.2023 13:52:46.574 [main] INFO  n.l.s.preliquibase.PreLiquibase - PreLiquibase: Executing SQL script : class path resource [preliquibase/postgresql.sql]
14.04.2023 13:52:47.140 [main] INFO  liquibase.lockservice - Successfully acquired change log lock
14.04.2023 13:52:47.520 [main] INFO  liquibase.changelog - Reading from site_api.databasechangelog
14.04.2023 13:52:47.610 [main] INFO  liquibase.lockservice - Successfully released change log lock
14.04.2023 13:52:47.725 [main] INFO  o.h.jpa.internal.util.LogHelper - HHH000204: Processing PersistenceUnitInfo [name: default]
14.04.2023 13:52:47.827 [main] INFO  org.hibernate.Version - HHH000412: Hibernate ORM core version 5.6.12.Final
14.04.2023 13:52:48.141 [main] INFO  o.h.annotations.common.Version - HCANN000001: Hibernate Commons Annotations {5.1.2.Final}
14.04.2023 13:52:48.369 [main] INFO  org.hibernate.dialect.Dialect - HHH000400: Using dialect: org.hibernate.dialect.PostgreSQLDialect
14.04.2023 13:52:49.492 [main] INFO  o.h.e.t.j.p.i.JtaPlatformInitiator - HHH000490: Using JtaPlatform implementation: [org.hibernate.engine.transaction.jta.platform.internal.NoJtaPlatform]
14.04.2023 13:52:49.504 [main] INFO  o.s.o.j.LocalContainerEntityManagerFactoryBean - Initialized JPA EntityManagerFactory for persistence unit 'default'
14.04.2023 13:52:50.875 [main] INFO  o.a.coyote.http11.Http11NioProtocol - Starting ProtocolHandler ["http-nio-8080"]
14.04.2023 13:52:50.908 [main] INFO  o.s.b.w.e.tomcat.TomcatWebServer - Tomcat started on port(s): 8080 (http) with context path ''
14.04.2023 13:52:50.920 [main] INFO  nata.project.DemoApplication - Started DemoApplication in 8.487 seconds (JVM running for 9.417)
14.04.2023 13:53:00.191 [http-nio-8080-exec-1] INFO  o.a.c.c.C.[Tomcat].[localhost].[/] - Initializing Spring DispatcherServlet 'dispatcherServlet'
14.04.2023 13:53:00.191 [http-nio-8080-exec-1] INFO  o.s.web.servlet.DispatcherServlet - Initializing Servlet 'dispatcherServlet'
14.04.2023 13:53:00.193 [http-nio-8080-exec-1] INFO  o.s.web.servlet.DispatcherServlet - Completed initialization in 2 ms
14.04.2023 13:53:00.286 [http-nio-8080-exec-1] INFO  n.p.repository.ProductRepository - Product information id 1 (getProductCard)
14.04.2023 13:53:00.416 [http-nio-8080-exec-1] INFO  n.p.d.c.ProductCardToDtoConverter - Method convert
14.04.2023 13:53:04.864 [http-nio-8080-exec-2] INFO  n.p.repository.ProductRepository - Product information id 0 (getProductCard)
14.04.2023 13:53:49.241 [SpringApplicationShutdownHook] INFO  o.s.o.j.LocalContainerEntityManagerFactoryBean - Closing JPA EntityManagerFactory for persistence unit 'default'
14.04.2023 13:53:49.246 [SpringApplicationShutdownHook] INFO  com.zaxxer.hikari.HikariDataSource - HikariPool-1 - Shutdown initiated...
14.04.2023 13:53:49.261 [SpringApplicationShutdownHook] INFO  com.zaxxer.hikari.HikariDataSource - HikariPool-1 - Shutdown completed.
14.04.2023 13:53:57.075 [background-preinit] INFO  o.h.validator.internal.util.Version - HV000001: Hibernate Validator 6.2.5.Final
14.04.2023 13:53:57.086 [main] INFO  nata.project.DemoApplication - Starting DemoApplication using Java 1.8.0_321 on DESKTOP-2OMA7HA with PID 30440 (C:\Users\Lenovo\IdeaProjects\onlineStorePortalh\site-api\target\classes started by Lenovo in C:\Users\Lenovo\IdeaProjects\onlineStorePortalh)
14.04.2023 13:53:57.087 [main] INFO  nata.project.DemoApplication - No active profile set, falling back to 1 default profile: "default"
14.04.2023 13:53:58.217 [main] INFO  o.s.d.r.c.RepositoryConfigurationDelegate - Bootstrapping Spring Data JPA repositories in DEFAULT mode.
14.04.2023 13:53:58.321 [main] INFO  o.s.d.r.c.RepositoryConfigurationDelegate - Finished Spring Data repository scanning in 86 ms. Found 2 JPA repository interfaces.
14.04.2023 13:53:59.401 [main] INFO  o.s.b.w.e.tomcat.TomcatWebServer - Tomcat initialized with port(s): 8080 (http)
14.04.2023 13:53:59.415 [main] INFO  o.a.coyote.http11.Http11NioProtocol - Initializing ProtocolHandler ["http-nio-8080"]
14.04.2023 13:53:59.416 [main] INFO  o.a.catalina.core.StandardService - Starting service [Tomcat]
14.04.2023 13:53:59.416 [main] INFO  o.a.catalina.core.StandardEngine - Starting Servlet engine: [Apache Tomcat/9.0.68]
14.04.2023 13:53:59.692 [main] INFO  o.a.c.c.C.[Tomcat].[localhost].[/] - Initializing Spring embedded WebApplicationContext
14.04.2023 13:53:59.692 [main] INFO  o.s.b.w.s.c.ServletWebServerApplicationContext - Root WebApplicationContext: initialization completed in 2536 ms
14.04.2023 13:54:00.016 [main] INFO  com.zaxxer.hikari.HikariDataSource - HikariPool-1 - Starting...
14.04.2023 13:54:00.183 [main] INFO  com.zaxxer.hikari.HikariDataSource - HikariPool-1 - Start completed.
14.04.2023 13:54:00.282 [main] INFO  n.l.s.preliquibase.PreLiquibase - PreLiquibase: Executing SQL script : class path resource [preliquibase/postgresql.sql]
14.04.2023 13:54:00.779 [main] INFO  liquibase.lockservice - Successfully acquired change log lock
14.04.2023 13:54:01.128 [main] INFO  liquibase.changelog - Reading from site_api.databasechangelog
14.04.2023 13:54:01.214 [main] INFO  liquibase.lockservice - Successfully released change log lock
14.04.2023 13:54:01.325 [main] INFO  o.h.jpa.internal.util.LogHelper - HHH000204: Processing PersistenceUnitInfo [name: default]
14.04.2023 13:54:01.411 [main] INFO  org.hibernate.Version - HHH000412: Hibernate ORM core version 5.6.12.Final
14.04.2023 13:54:01.660 [main] INFO  o.h.annotations.common.Version - HCANN000001: Hibernate Commons Annotations {5.1.2.Final}
14.04.2023 13:54:01.843 [main] INFO  org.hibernate.dialect.Dialect - HHH000400: Using dialect: org.hibernate.dialect.PostgreSQLDialect
14.04.2023 13:54:02.841 [main] INFO  o.h.e.t.j.p.i.JtaPlatformInitiator - HHH000490: Using JtaPlatform implementation: [org.hibernate.engine.transaction.jta.platform.internal.NoJtaPlatform]
14.04.2023 13:54:02.852 [main] INFO  o.s.o.j.LocalContainerEntityManagerFactoryBean - Initialized JPA EntityManagerFactory for persistence unit 'default'
14.04.2023 13:54:04.197 [main] INFO  o.a.coyote.http11.Http11NioProtocol - Starting ProtocolHandler ["http-nio-8080"]
14.04.2023 13:54:04.226 [main] INFO  o.s.b.w.e.tomcat.TomcatWebServer - Tomcat started on port(s): 8080 (http) with context path ''
14.04.2023 13:54:04.240 [main] INFO  nata.project.DemoApplication - Started DemoApplication in 7.831 seconds (JVM running for 8.723)
14.04.2023 13:54:09.635 [http-nio-8080-exec-1] INFO  o.a.c.c.C.[Tomcat].[localhost].[/] - Initializing Spring DispatcherServlet 'dispatcherServlet'
14.04.2023 13:54:09.637 [http-nio-8080-exec-1] INFO  o.s.web.servlet.DispatcherServlet - Initializing Servlet 'dispatcherServlet'
14.04.2023 13:54:09.640 [http-nio-8080-exec-1] INFO  o.s.web.servlet.DispatcherServlet - Completed initialization in 3 ms
14.04.2023 13:54:09.737 [http-nio-8080-exec-1] INFO  n.p.repository.ProductRepository - Product information id 0 (getProductCard)
14.04.2023 13:54:09.795 [http-nio-8080-exec-1] ERROR n.p.repository.ProductRepository - Product with id 0 not found
14.04.2023 13:58:11.300 [http-nio-8080-exec-4] INFO  n.p.repository.ProductRepository - Product information id 1 (getProductCard)
14.04.2023 13:58:11.344 [http-nio-8080-exec-4] INFO  n.p.d.c.ProductCardToDtoConverter - Method convert
14.04.2023 14:00:42.940 [SpringApplicationShutdownHook] INFO  o.s.o.j.LocalContainerEntityManagerFactoryBean - Closing JPA EntityManagerFactory for persistence unit 'default'
14.04.2023 14:00:42.943 [SpringApplicationShutdownHook] INFO  com.zaxxer.hikari.HikariDataSource - HikariPool-1 - Shutdown initiated...
14.04.2023 14:00:42.956 [SpringApplicationShutdownHook] INFO  com.zaxxer.hikari.HikariDataSource - HikariPool-1 - Shutdown completed.
14.04.2023 14:23:24.079 [background-preinit] INFO  o.h.validator.internal.util.Version - HV000001: Hibernate Validator 6.2.5.Final
14.04.2023 14:23:24.085 [main] INFO  nata.project.DemoApplication - Starting DemoApplication using Java 1.8.0_321 on DESKTOP-2OMA7HA with PID 30328 (C:\Users\Lenovo\IdeaProjects\onlineStorePortalh\site-api\target\classes started by Lenovo in C:\Users\Lenovo\IdeaProjects\onlineStorePortalh)
14.04.2023 14:23:24.086 [main] INFO  nata.project.DemoApplication - No active profile set, falling back to 1 default profile: "default"
14.04.2023 14:23:25.244 [main] INFO  o.s.d.r.c.RepositoryConfigurationDelegate - Bootstrapping Spring Data JPA repositories in DEFAULT mode.
14.04.2023 14:23:25.345 [main] INFO  o.s.d.r.c.RepositoryConfigurationDelegate - Finished Spring Data repository scanning in 82 ms. Found 2 JPA repository interfaces.
14.04.2023 14:23:26.448 [main] INFO  o.s.b.w.e.tomcat.TomcatWebServer - Tomcat initialized with port(s): 8080 (http)
14.04.2023 14:23:26.461 [main] INFO  o.a.coyote.http11.Http11NioProtocol - Initializing ProtocolHandler ["http-nio-8080"]
14.04.2023 14:23:26.462 [main] INFO  o.a.catalina.core.StandardService - Starting service [Tomcat]
14.04.2023 14:23:26.462 [main] INFO  o.a.catalina.core.StandardEngine - Starting Servlet engine: [Apache Tomcat/9.0.68]
14.04.2023 14:23:26.730 [main] INFO  o.a.c.c.C.[Tomcat].[localhost].[/] - Initializing Spring embedded WebApplicationContext
14.04.2023 14:23:26.731 [main] INFO  o.s.b.w.s.c.ServletWebServerApplicationContext - Root WebApplicationContext: initialization completed in 2565 ms
14.04.2023 14:23:27.020 [main] INFO  com.zaxxer.hikari.HikariDataSource - HikariPool-1 - Starting...
14.04.2023 14:23:27.167 [main] INFO  com.zaxxer.hikari.HikariDataSource - HikariPool-1 - Start completed.
14.04.2023 14:23:27.253 [main] INFO  n.l.s.preliquibase.PreLiquibase - PreLiquibase: Executing SQL script : class path resource [preliquibase/postgresql.sql]
14.04.2023 14:23:27.750 [main] INFO  liquibase.lockservice - Successfully acquired change log lock
14.04.2023 14:23:28.135 [main] INFO  liquibase.changelog - Reading from site_api.databasechangelog
14.04.2023 14:23:28.233 [main] INFO  liquibase.lockservice - Successfully released change log lock
14.04.2023 14:23:28.348 [main] INFO  o.h.jpa.internal.util.LogHelper - HHH000204: Processing PersistenceUnitInfo [name: default]
14.04.2023 14:23:28.426 [main] INFO  org.hibernate.Version - HHH000412: Hibernate ORM core version 5.6.12.Final
14.04.2023 14:23:28.647 [main] INFO  o.h.annotations.common.Version - HCANN000001: Hibernate Commons Annotations {5.1.2.Final}
14.04.2023 14:23:28.828 [main] INFO  org.hibernate.dialect.Dialect - HHH000400: Using dialect: org.hibernate.dialect.PostgreSQLDialect
14.04.2023 14:23:29.849 [main] INFO  o.h.e.t.j.p.i.JtaPlatformInitiator - HHH000490: Using JtaPlatform implementation: [org.hibernate.engine.transaction.jta.platform.internal.NoJtaPlatform]
14.04.2023 14:23:29.860 [main] INFO  o.s.o.j.LocalContainerEntityManagerFactoryBean - Initialized JPA EntityManagerFactory for persistence unit 'default'
14.04.2023 14:23:31.202 [main] INFO  o.a.coyote.http11.Http11NioProtocol - Starting ProtocolHandler ["http-nio-8080"]
14.04.2023 14:23:31.234 [main] INFO  o.s.b.w.e.tomcat.TomcatWebServer - Tomcat started on port(s): 8080 (http) with context path ''
14.04.2023 14:23:31.250 [main] INFO  nata.project.DemoApplication - Started DemoApplication in 7.83 seconds (JVM running for 8.737)
14.04.2023 14:24:02.977 [http-nio-8080-exec-1] INFO  o.a.c.c.C.[Tomcat].[localhost].[/] - Initializing Spring DispatcherServlet 'dispatcherServlet'
14.04.2023 14:24:02.978 [http-nio-8080-exec-1] INFO  o.s.web.servlet.DispatcherServlet - Initializing Servlet 'dispatcherServlet'
14.04.2023 14:24:02.980 [http-nio-8080-exec-1] INFO  o.s.web.servlet.DispatcherServlet - Completed initialization in 2 ms
14.04.2023 14:24:03.072 [http-nio-8080-exec-1] INFO  n.p.service.ProductServiceImpl - Find all child categories by parent 200(method call findAllChildCategoriesByParent in CategoryRepository)
14.04.2023 14:24:03.184 [http-nio-8080-exec-1] INFO  n.p.service.ProductServiceImpl - Find all products in parent and child categories 200(method call fetchAllByCategoryIdIn in ProductRepository)
14.04.2023 14:24:03.246 [http-nio-8080-exec-1] INFO  n.p.d.c.ProductToDtoConverter - Converting a list products in products Dto
14.04.2023 14:24:03.246 [http-nio-8080-exec-1] INFO  n.p.d.c.ProductToDtoConverter - Converting a list products in products Dto
14.04.2023 14:24:03.247 [http-nio-8080-exec-1] INFO  n.p.d.c.ProductToDtoConverter - Converting a list products in products Dto
14.04.2023 14:24:03.247 [http-nio-8080-exec-1] INFO  n.p.d.c.ProductToDtoConverter - Converting a list products in products Dto
14.04.2023 14:25:14.971 [SpringApplicationShutdownHook] INFO  o.s.o.j.LocalContainerEntityManagerFactoryBean - Closing JPA EntityManagerFactory for persistence unit 'default'
14.04.2023 14:25:14.974 [SpringApplicationShutdownHook] INFO  com.zaxxer.hikari.HikariDataSource - HikariPool-1 - Shutdown initiated...
14.04.2023 14:25:14.988 [SpringApplicationShutdownHook] INFO  com.zaxxer.hikari.HikariDataSource - HikariPool-1 - Shutdown completed.
14.04.2023 14:25:19.641 [background-preinit] INFO  o.h.validator.internal.util.Version - HV000001: Hibernate Validator 6.2.5.Final
14.04.2023 14:25:19.666 [main] INFO  nata.project.DemoApplication - Starting DemoApplication using Java 1.8.0_321 on DESKTOP-2OMA7HA with PID 30800 (C:\Users\Lenovo\IdeaProjects\onlineStorePortalh\site-api\target\classes started by Lenovo in C:\Users\Lenovo\IdeaProjects\onlineStorePortalh)
14.04.2023 14:25:19.668 [main] INFO  nata.project.DemoApplication - No active profile set, falling back to 1 default profile: "default"
14.04.2023 14:25:20.768 [main] INFO  o.s.d.r.c.RepositoryConfigurationDelegate - Bootstrapping Spring Data JPA repositories in DEFAULT mode.
14.04.2023 14:25:20.875 [main] INFO  o.s.d.r.c.RepositoryConfigurationDelegate - Finished Spring Data repository scanning in 91 ms. Found 2 JPA repository interfaces.
14.04.2023 14:25:21.942 [main] INFO  o.s.b.w.e.tomcat.TomcatWebServer - Tomcat initialized with port(s): 8080 (http)
14.04.2023 14:25:21.956 [main] INFO  o.a.coyote.http11.Http11NioProtocol - Initializing ProtocolHandler ["http-nio-8080"]
14.04.2023 14:25:21.957 [main] INFO  o.a.catalina.core.StandardService - Starting service [Tomcat]
14.04.2023 14:25:21.957 [main] INFO  o.a.catalina.core.StandardEngine - Starting Servlet engine: [Apache Tomcat/9.0.68]
14.04.2023 14:25:22.215 [main] INFO  o.a.c.c.C.[Tomcat].[localhost].[/] - Initializing Spring embedded WebApplicationContext
14.04.2023 14:25:22.215 [main] INFO  o.s.b.w.s.c.ServletWebServerApplicationContext - Root WebApplicationContext: initialization completed in 2478 ms
14.04.2023 14:25:22.537 [main] INFO  com.zaxxer.hikari.HikariDataSource - HikariPool-1 - Starting...
14.04.2023 14:25:22.690 [main] INFO  com.zaxxer.hikari.HikariDataSource - HikariPool-1 - Start completed.
14.04.2023 14:25:22.770 [main] INFO  n.l.s.preliquibase.PreLiquibase - PreLiquibase: Executing SQL script : class path resource [preliquibase/postgresql.sql]
14.04.2023 14:25:23.338 [main] INFO  liquibase.lockservice - Successfully acquired change log lock
14.04.2023 14:25:23.688 [main] INFO  liquibase.changelog - Reading from site_api.databasechangelog
14.04.2023 14:25:23.774 [main] INFO  liquibase.lockservice - Successfully released change log lock
14.04.2023 14:25:23.884 [main] INFO  o.h.jpa.internal.util.LogHelper - HHH000204: Processing PersistenceUnitInfo [name: default]
14.04.2023 14:25:23.964 [main] INFO  org.hibernate.Version - HHH000412: Hibernate ORM core version 5.6.12.Final
14.04.2023 14:25:24.214 [main] INFO  o.h.annotations.common.Version - HCANN000001: Hibernate Commons Annotations {5.1.2.Final}
14.04.2023 14:25:24.438 [main] INFO  org.hibernate.dialect.Dialect - HHH000400: Using dialect: org.hibernate.dialect.PostgreSQLDialect
14.04.2023 14:25:25.480 [main] INFO  o.h.e.t.j.p.i.JtaPlatformInitiator - HHH000490: Using JtaPlatform implementation: [org.hibernate.engine.transaction.jta.platform.internal.NoJtaPlatform]
14.04.2023 14:25:25.493 [main] INFO  o.s.o.j.LocalContainerEntityManagerFactoryBean - Initialized JPA EntityManagerFactory for persistence unit 'default'
14.04.2023 14:25:26.873 [main] INFO  o.a.coyote.http11.Http11NioProtocol - Starting ProtocolHandler ["http-nio-8080"]
14.04.2023 14:25:26.905 [main] INFO  o.s.b.w.e.tomcat.TomcatWebServer - Tomcat started on port(s): 8080 (http) with context path ''
14.04.2023 14:25:26.916 [main] INFO  nata.project.DemoApplication - Started DemoApplication in 8.002 seconds (JVM running for 8.905)
14.04.2023 14:25:30.513 [http-nio-8080-exec-1] INFO  o.a.c.c.C.[Tomcat].[localhost].[/] - Initializing Spring DispatcherServlet 'dispatcherServlet'
14.04.2023 14:25:30.513 [http-nio-8080-exec-1] INFO  o.s.web.servlet.DispatcherServlet - Initializing Servlet 'dispatcherServlet'
14.04.2023 14:25:30.515 [http-nio-8080-exec-1] INFO  o.s.web.servlet.DispatcherServlet - Completed initialization in 2 ms
14.04.2023 14:25:30.594 [http-nio-8080-exec-1] INFO  n.p.service.ProductServiceImpl - Find all child categories by parent 200(method call findAllChildCategoriesByParent in CategoryRepository)
14.04.2023 14:25:30.671 [http-nio-8080-exec-1] INFO  n.p.service.ProductServiceImpl - Find all products in parent and child categories 200(method call fetchAllByCategoryIdIn in ProductRepository)
14.04.2023 14:25:30.755 [http-nio-8080-exec-1] INFO  n.p.d.c.ProductToDtoConverter - Converting a list products in products Dto
14.04.2023 14:25:30.755 [http-nio-8080-exec-1] INFO  n.p.d.c.ProductToDtoConverter - Converting a list products in products Dto
14.04.2023 14:25:30.755 [http-nio-8080-exec-1] INFO  n.p.d.c.ProductToDtoConverter - Converting a list products in products Dto
14.04.2023 14:25:30.755 [http-nio-8080-exec-1] INFO  n.p.d.c.ProductToDtoConverter - Converting a list products in products Dto
14.04.2023 14:25:46.916 [SpringApplicationShutdownHook] INFO  o.s.o.j.LocalContainerEntityManagerFactoryBean - Closing JPA EntityManagerFactory for persistence unit 'default'
14.04.2023 14:25:46.921 [SpringApplicationShutdownHook] INFO  com.zaxxer.hikari.HikariDataSource - HikariPool-1 - Shutdown initiated...
14.04.2023 14:25:46.933 [SpringApplicationShutdownHook] INFO  com.zaxxer.hikari.HikariDataSource - HikariPool-1 - Shutdown completed.
14.04.2023 14:26:13.518 [background-preinit] INFO  o.h.validator.internal.util.Version - HV000001: Hibernate Validator 6.2.5.Final
14.04.2023 14:26:13.527 [main] INFO  nata.project.DemoApplication - Starting DemoApplication using Java 1.8.0_321 on DESKTOP-2OMA7HA with PID 27284 (C:\Users\Lenovo\IdeaProjects\onlineStorePortalh\site-api\target\classes started by Lenovo in C:\Users\Lenovo\IdeaProjects\onlineStorePortalh)
14.04.2023 14:26:13.528 [main] INFO  nata.project.DemoApplication - No active profile set, falling back to 1 default profile: "default"
14.04.2023 14:26:14.591 [main] INFO  o.s.d.r.c.RepositoryConfigurationDelegate - Bootstrapping Spring Data JPA repositories in DEFAULT mode.
14.04.2023 14:26:14.703 [main] INFO  o.s.d.r.c.RepositoryConfigurationDelegate - Finished Spring Data repository scanning in 95 ms. Found 2 JPA repository interfaces.
14.04.2023 14:26:15.785 [main] INFO  o.s.b.w.e.tomcat.TomcatWebServer - Tomcat initialized with port(s): 8080 (http)
14.04.2023 14:26:15.799 [main] INFO  o.a.coyote.http11.Http11NioProtocol - Initializing ProtocolHandler ["http-nio-8080"]
14.04.2023 14:26:15.800 [main] INFO  o.a.catalina.core.StandardService - Starting service [Tomcat]
14.04.2023 14:26:15.801 [main] INFO  o.a.catalina.core.StandardEngine - Starting Servlet engine: [Apache Tomcat/9.0.68]
14.04.2023 14:26:16.055 [main] INFO  o.a.c.c.C.[Tomcat].[localhost].[/] - Initializing Spring embedded WebApplicationContext
14.04.2023 14:26:16.056 [main] INFO  o.s.b.w.s.c.ServletWebServerApplicationContext - Root WebApplicationContext: initialization completed in 2456 ms
14.04.2023 14:26:16.376 [main] INFO  com.zaxxer.hikari.HikariDataSource - HikariPool-1 - Starting...
14.04.2023 14:26:16.509 [main] INFO  com.zaxxer.hikari.HikariDataSource - HikariPool-1 - Start completed.
14.04.2023 14:26:16.592 [main] INFO  n.l.s.preliquibase.PreLiquibase - PreLiquibase: Executing SQL script : class path resource [preliquibase/postgresql.sql]
14.04.2023 14:26:17.108 [main] INFO  liquibase.lockservice - Successfully acquired change log lock
14.04.2023 14:26:17.461 [main] INFO  liquibase.changelog - Reading from site_api.databasechangelog
14.04.2023 14:26:17.548 [main] INFO  liquibase.lockservice - Successfully released change log lock
14.04.2023 14:26:17.655 [main] INFO  o.h.jpa.internal.util.LogHelper - HHH000204: Processing PersistenceUnitInfo [name: default]
14.04.2023 14:26:17.730 [main] INFO  org.hibernate.Version - HHH000412: Hibernate ORM core version 5.6.12.Final
14.04.2023 14:26:17.963 [main] INFO  o.h.annotations.common.Version - HCANN000001: Hibernate Commons Annotations {5.1.2.Final}
14.04.2023 14:26:18.205 [main] INFO  org.hibernate.dialect.Dialect - HHH000400: Using dialect: org.hibernate.dialect.PostgreSQLDialect
14.04.2023 14:26:19.165 [main] INFO  o.h.e.t.j.p.i.JtaPlatformInitiator - HHH000490: Using JtaPlatform implementation: [org.hibernate.engine.transaction.jta.platform.internal.NoJtaPlatform]
14.04.2023 14:26:19.176 [main] INFO  o.s.o.j.LocalContainerEntityManagerFactoryBean - Initialized JPA EntityManagerFactory for persistence unit 'default'
14.04.2023 14:26:20.546 [main] INFO  o.a.coyote.http11.Http11NioProtocol - Starting ProtocolHandler ["http-nio-8080"]
14.04.2023 14:26:20.576 [main] INFO  o.s.b.w.e.tomcat.TomcatWebServer - Tomcat started on port(s): 8080 (http) with context path ''
14.04.2023 14:26:20.590 [main] INFO  nata.project.DemoApplication - Started DemoApplication in 7.824 seconds (JVM running for 8.723)
14.04.2023 14:26:24.693 [http-nio-8080-exec-1] INFO  o.a.c.c.C.[Tomcat].[localhost].[/] - Initializing Spring DispatcherServlet 'dispatcherServlet'
14.04.2023 14:26:24.694 [http-nio-8080-exec-1] INFO  o.s.web.servlet.DispatcherServlet - Initializing Servlet 'dispatcherServlet'
14.04.2023 14:26:24.695 [http-nio-8080-exec-1] INFO  o.s.web.servlet.DispatcherServlet - Completed initialization in 1 ms
14.04.2023 14:26:24.768 [http-nio-8080-exec-1] INFO  n.p.service.ProductServiceImpl - Find all child categories by parent 200(method call findAllChildCategoriesByParent in CategoryRepository)
14.04.2023 14:26:24.845 [http-nio-8080-exec-1] INFO  n.p.service.ProductServiceImpl - Find all products in parent and child categories 200(method call fetchAllByCategoryIdIn in ProductRepository)
14.04.2023 14:46:39.411 [SpringApplicationShutdownHook] INFO  o.s.o.j.LocalContainerEntityManagerFactoryBean - Closing JPA EntityManagerFactory for persistence unit 'default'
14.04.2023 14:46:39.414 [SpringApplicationShutdownHook] INFO  com.zaxxer.hikari.HikariDataSource - HikariPool-1 - Shutdown initiated...
14.04.2023 14:46:39.432 [SpringApplicationShutdownHook] INFO  com.zaxxer.hikari.HikariDataSource - HikariPool-1 - Shutdown completed.
14.04.2023 14:58:52.929 [background-preinit] INFO  o.h.validator.internal.util.Version - HV000001: Hibernate Validator 6.2.5.Final
14.04.2023 14:58:52.935 [main] INFO  nata.project.DemoApplication - Starting DemoApplication using Java 1.8.0_321 on DESKTOP-2OMA7HA with PID 26064 (C:\Users\Lenovo\IdeaProjects\onlineStorePortalh\site-api\target\classes started by Lenovo in C:\Users\Lenovo\IdeaProjects\onlineStorePortalh)
14.04.2023 14:58:52.937 [main] INFO  nata.project.DemoApplication - No active profile set, falling back to 1 default profile: "default"
14.04.2023 14:58:54.081 [main] INFO  o.s.d.r.c.RepositoryConfigurationDelegate - Bootstrapping Spring Data JPA repositories in DEFAULT mode.
14.04.2023 14:58:54.189 [main] INFO  o.s.d.r.c.RepositoryConfigurationDelegate - Finished Spring Data repository scanning in 92 ms. Found 2 JPA repository interfaces.
14.04.2023 14:58:55.384 [main] INFO  o.s.b.w.e.tomcat.TomcatWebServer - Tomcat initialized with port(s): 8080 (http)
14.04.2023 14:58:55.400 [main] INFO  o.a.coyote.http11.Http11NioProtocol - Initializing ProtocolHandler ["http-nio-8080"]
14.04.2023 14:58:55.401 [main] INFO  o.a.catalina.core.StandardService - Starting service [Tomcat]
14.04.2023 14:58:55.401 [main] INFO  o.a.catalina.core.StandardEngine - Starting Servlet engine: [Apache Tomcat/9.0.68]
14.04.2023 14:58:55.685 [main] INFO  o.a.c.c.C.[Tomcat].[localhost].[/] - Initializing Spring embedded WebApplicationContext
14.04.2023 14:58:55.685 [main] INFO  o.s.b.w.s.c.ServletWebServerApplicationContext - Root WebApplicationContext: initialization completed in 2630 ms
14.04.2023 14:58:55.993 [main] INFO  com.zaxxer.hikari.HikariDataSource - HikariPool-1 - Starting...
14.04.2023 14:58:56.155 [main] INFO  com.zaxxer.hikari.HikariDataSource - HikariPool-1 - Start completed.
14.04.2023 14:58:56.242 [main] INFO  n.l.s.preliquibase.PreLiquibase - PreLiquibase: Executing SQL script : class path resource [preliquibase/postgresql.sql]
14.04.2023 14:58:56.798 [main] INFO  liquibase.lockservice - Successfully acquired change log lock
14.04.2023 14:58:57.170 [main] INFO  liquibase.changelog - Reading from site_api.databasechangelog
14.04.2023 14:58:57.261 [main] INFO  liquibase.lockservice - Successfully released change log lock
14.04.2023 14:58:57.390 [main] INFO  o.h.jpa.internal.util.LogHelper - HHH000204: Processing PersistenceUnitInfo [name: default]
14.04.2023 14:58:57.477 [main] INFO  org.hibernate.Version - HHH000412: Hibernate ORM core version 5.6.12.Final
14.04.2023 14:58:57.755 [main] INFO  o.h.annotations.common.Version - HCANN000001: Hibernate Commons Annotations {5.1.2.Final}
14.04.2023 14:58:57.978 [main] INFO  org.hibernate.dialect.Dialect - HHH000400: Using dialect: org.hibernate.dialect.PostgreSQLDialect
14.04.2023 14:58:59.173 [main] INFO  o.h.e.t.j.p.i.JtaPlatformInitiator - HHH000490: Using JtaPlatform implementation: [org.hibernate.engine.transaction.jta.platform.internal.NoJtaPlatform]
14.04.2023 14:58:59.184 [main] INFO  o.s.o.j.LocalContainerEntityManagerFactoryBean - Initialized JPA EntityManagerFactory for persistence unit 'default'
14.04.2023 14:59:00.594 [main] INFO  o.a.coyote.http11.Http11NioProtocol - Starting ProtocolHandler ["http-nio-8080"]
14.04.2023 14:59:00.626 [main] INFO  o.s.b.w.e.tomcat.TomcatWebServer - Tomcat started on port(s): 8080 (http) with context path ''
14.04.2023 14:59:00.640 [main] INFO  nata.project.DemoApplication - Started DemoApplication in 8.375 seconds (JVM running for 9.25)
14.04.2023 14:59:05.406 [http-nio-8080-exec-1] INFO  o.a.c.c.C.[Tomcat].[localhost].[/] - Initializing Spring DispatcherServlet 'dispatcherServlet'
14.04.2023 14:59:05.406 [http-nio-8080-exec-1] INFO  o.s.web.servlet.DispatcherServlet - Initializing Servlet 'dispatcherServlet'
14.04.2023 14:59:05.407 [http-nio-8080-exec-1] INFO  o.s.web.servlet.DispatcherServlet - Completed initialization in 1 ms
14.04.2023 14:59:05.477 [http-nio-8080-exec-1] INFO  n.p.service.CategoryServiceImpl - Find all child categories by parent 200(method call findAllChildCategoriesByParent in CategoryRepository)
14.04.2023 14:59:05.551 [http-nio-8080-exec-1] INFO  n.p.service.ProductServiceImpl - Find all products in parent and child categories 200(method call fetchAllByCategoryIdIn in ProductRepository)
14.04.2023 15:00:19.868 [http-nio-8080-exec-4] INFO  n.p.service.CategoryServiceImpl - Find all child categories by parent 2(method call findAllChildCategoriesByParent in CategoryRepository)
14.04.2023 15:00:19.873 [http-nio-8080-exec-4] INFO  n.p.service.ProductServiceImpl - Find all products in parent and child categories 2(method call fetchAllByCategoryIdIn in ProductRepository)
14.04.2023 15:02:39.829 [http-nio-8080-exec-7] INFO  n.p.service.CategoryServiceImpl - Show store catalog (method call findAllByParentIdIsNull in CategoryRepository)
14.04.2023 15:03:07.524 [http-nio-8080-exec-8] INFO  n.p.service.CategoryServiceImpl - Receive breadcrumbs by category id 201
14.04.2023 15:03:42.897 [http-nio-8080-exec-1] INFO  n.p.service.CategoryServiceImpl - Get a list of categories by parent 201 as a hierarchy(method call findAllByParentId in CategoryRepository)
14.04.2023 15:03:46.606 [http-nio-8080-exec-3] INFO  n.p.service.CategoryServiceImpl - Get a list of categories by parent 200 as a hierarchy(method call findAllByParentId in CategoryRepository)
14.04.2023 15:04:03.380 [SpringApplicationShutdownHook] INFO  o.s.o.j.LocalContainerEntityManagerFactoryBean - Closing JPA EntityManagerFactory for persistence unit 'default'
14.04.2023 15:04:03.384 [SpringApplicationShutdownHook] INFO  com.zaxxer.hikari.HikariDataSource - HikariPool-1 - Shutdown initiated...
14.04.2023 15:04:03.395 [SpringApplicationShutdownHook] INFO  com.zaxxer.hikari.HikariDataSource - HikariPool-1 - Shutdown completed.
14.04.2023 22:51:28.146 [background-preinit] INFO  o.h.validator.internal.util.Version - HV000001: Hibernate Validator 6.2.5.Final
14.04.2023 22:51:28.160 [main] INFO  nata.project.DemoApplication - Starting DemoApplication using Java 1.8.0_321 on DESKTOP-2OMA7HA with PID 31808 (C:\Users\Lenovo\IdeaProjects\onlineStorePortalh\site-api\target\classes started by Lenovo in C:\Users\Lenovo\IdeaProjects\onlineStorePortalh)
14.04.2023 22:51:28.161 [main] INFO  nata.project.DemoApplication - No active profile set, falling back to 1 default profile: "default"
14.04.2023 22:51:29.321 [main] INFO  o.s.d.r.c.RepositoryConfigurationDelegate - Bootstrapping Spring Data JPA repositories in DEFAULT mode.
14.04.2023 22:51:29.447 [main] INFO  o.s.d.r.c.RepositoryConfigurationDelegate - Finished Spring Data repository scanning in 107 ms. Found 2 JPA repository interfaces.
14.04.2023 22:51:30.614 [main] INFO  o.s.b.w.e.tomcat.TomcatWebServer - Tomcat initialized with port(s): 8080 (http)
14.04.2023 22:51:30.627 [main] INFO  o.a.coyote.http11.Http11NioProtocol - Initializing ProtocolHandler ["http-nio-8080"]
14.04.2023 22:51:30.628 [main] INFO  o.a.catalina.core.StandardService - Starting service [Tomcat]
14.04.2023 22:51:30.628 [main] INFO  o.a.catalina.core.StandardEngine - Starting Servlet engine: [Apache Tomcat/9.0.68]
14.04.2023 22:51:30.920 [main] INFO  o.a.c.c.C.[Tomcat].[localhost].[/] - Initializing Spring embedded WebApplicationContext
14.04.2023 22:51:30.920 [main] INFO  o.s.b.w.s.c.ServletWebServerApplicationContext - Root WebApplicationContext: initialization completed in 2647 ms
14.04.2023 22:51:31.223 [main] INFO  com.zaxxer.hikari.HikariDataSource - HikariPool-1 - Starting...
14.04.2023 22:51:31.381 [main] INFO  com.zaxxer.hikari.HikariDataSource - HikariPool-1 - Start completed.
14.04.2023 22:51:31.470 [main] INFO  n.l.s.preliquibase.PreLiquibase - PreLiquibase: Executing SQL script : class path resource [preliquibase/postgresql.sql]
14.04.2023 22:51:32.023 [main] INFO  liquibase.lockservice - Successfully acquired change log lock
14.04.2023 22:51:32.386 [main] INFO  liquibase.changelog - Reading from site_api.databasechangelog
14.04.2023 22:51:32.478 [main] INFO  liquibase.lockservice - Successfully released change log lock
14.04.2023 22:51:32.573 [main] INFO  o.h.jpa.internal.util.LogHelper - HHH000204: Processing PersistenceUnitInfo [name: default]
14.04.2023 22:51:32.647 [main] INFO  org.hibernate.Version - HHH000412: Hibernate ORM core version 5.6.12.Final
14.04.2023 22:51:32.867 [main] INFO  o.h.annotations.common.Version - HCANN000001: Hibernate Commons Annotations {5.1.2.Final}
14.04.2023 22:51:33.056 [main] INFO  org.hibernate.dialect.Dialect - HHH000400: Using dialect: org.hibernate.dialect.PostgreSQLDialect
14.04.2023 22:51:34.075 [main] INFO  o.h.e.t.j.p.i.JtaPlatformInitiator - HHH000490: Using JtaPlatform implementation: [org.hibernate.engine.transaction.jta.platform.internal.NoJtaPlatform]
14.04.2023 22:51:34.087 [main] INFO  o.s.o.j.LocalContainerEntityManagerFactoryBean - Initialized JPA EntityManagerFactory for persistence unit 'default'
14.04.2023 22:51:35.443 [main] INFO  o.a.coyote.http11.Http11NioProtocol - Starting ProtocolHandler ["http-nio-8080"]
14.04.2023 22:51:35.475 [main] INFO  o.s.b.w.e.tomcat.TomcatWebServer - Tomcat started on port(s): 8080 (http) with context path ''
14.04.2023 22:51:35.488 [main] INFO  nata.project.DemoApplication - Started DemoApplication in 8.053 seconds (JVM running for 8.928)
14.04.2023 22:51:43.360 [http-nio-8080-exec-1] INFO  o.a.c.c.C.[Tomcat].[localhost].[/] - Initializing Spring DispatcherServlet 'dispatcherServlet'
14.04.2023 22:51:43.360 [http-nio-8080-exec-1] INFO  o.s.web.servlet.DispatcherServlet - Initializing Servlet 'dispatcherServlet'
14.04.2023 22:51:43.362 [http-nio-8080-exec-1] INFO  o.s.web.servlet.DispatcherServlet - Completed initialization in 2 ms
14.04.2023 22:51:43.433 [http-nio-8080-exec-1] INFO  n.p.service.CategoryServiceImpl - Get a list of categories by parent 20 as a hierarchy(method call findAllByParentId in CategoryRepository)
14.04.2023 22:52:32.679 [http-nio-8080-exec-3] INFO  n.p.service.CategoryServiceImpl - Receive breadcrumbs by category id 1
14.04.2023 22:52:50.430 [http-nio-8080-exec-4] INFO  n.p.service.CategoryServiceImpl - Get a list of categories by parent 1 as a hierarchy(method call findAllByParentId in CategoryRepository)
14.04.2023 22:53:18.531 [http-nio-8080-exec-5] INFO  n.p.service.CategoryServiceImpl - Find all child categories by parent 1(method call findAllChildCategoriesByParent in CategoryRepository)
14.04.2023 22:53:18.540 [http-nio-8080-exec-5] INFO  n.p.service.ProductServiceImpl - Find all products in parent and child categories 1(method call fetchAllByCategoryIdIn in ProductRepository)
14.04.2023 22:53:35.706 [http-nio-8080-exec-7] INFO  n.p.service.CategoryServiceImpl - Find all child categories by parent 200(method call findAllChildCategoriesByParent in CategoryRepository)
14.04.2023 22:53:35.714 [http-nio-8080-exec-7] INFO  n.p.service.ProductServiceImpl - Find all products in parent and child categories 200(method call fetchAllByCategoryIdIn in ProductRepository)
14.04.2023 22:55:42.712 [SpringApplicationShutdownHook] INFO  o.s.o.j.LocalContainerEntityManagerFactoryBean - Closing JPA EntityManagerFactory for persistence unit 'default'
14.04.2023 22:55:42.716 [SpringApplicationShutdownHook] INFO  com.zaxxer.hikari.HikariDataSource - HikariPool-1 - Shutdown initiated...
14.04.2023 22:55:42.730 [SpringApplicationShutdownHook] INFO  com.zaxxer.hikari.HikariDataSource - HikariPool-1 - Shutdown completed.
